Run by AMM on 29 Sep 2016 17:13:16
Integrate with swab data
8248 antibiotic days in all participants
swabs with antibiotics taken between previous swab and current one

      staph |
antibiotics |
taken since |
  last swob |      Freq.     Percent        Cum.
------------+-----------------------------------
          0 |      8,640       96.55       96.55
          1 |        309        3.45      100.00
------------+-----------------------------------
      Total |      8,949      100.00
swabs with antibiotics taken in previous 6 months

      staph |
antibiotics |
 taken last |
 six months |      Freq.     Percent        Cum.
------------+-----------------------------------
          0 |      8,265       92.36       92.36
          1 |        684        7.64      100.00
------------+-----------------------------------
      Total |      8,949      100.00
add baseline data
. 
. *** create a record for each patid-spatype so can talk about loss of each spa-type

. 
. run anti_types_sept29_16.do
