Run by AMM on 19 Jul 2016 19:25:26





================================================================================
Input Results extract
================================================================================
DROP STRAIGHT DUPLICATES
(0 observations deleted)

 - leaving records (swabs): 13767





================================================================================
Antibiotics list
================================================================================
DROP STRAIGHT DUPLICATES
(43 observations deleted)





================================================================================
Antibiotics patient record
================================================================================
DROP STRAIGHT DUPLICATES
(2 observations deleted)





================================================================================
Import Patient group, age, sex
================================================================================
DROP STRAIGHT DUPLICATES
(12,390 observations deleted)





================================================================================
GP record
================================================================================
DROP STRAIGHT DUPLICATES
(0 observations deleted)





================================================================================
GP record 2nd Year
================================================================================
DROP STRAIGHT DUPLICATES
(0 observations deleted)





================================================================================
Household members data
================================================================================
DROP STRAIGHT DUPLICATES
(0 observations deleted)





================================================================================
Baseline patient details
================================================================================
DROP STRAIGHT DUPLICATES
(0 observations deleted)





================================================================================
Long Term Illness
================================================================================
DROP STRAIGHT DUPLICATES
(0 observations deleted)





================================================================================
Skin Problems
================================================================================
DROP STRAIGHT DUPLICATES
(0 observations deleted)





================================================================================
Clonal colonies
================================================================================
DROP STRAIGHT DUPLICATES
(0 observations deleted)





================================================================================
Burp distances
================================================================================
DROP STRAIGHT DUPLICATES
(0 observations deleted)
. 
. 
. 
. * clean data

. 
. run Clean_maindata.do
