Run by AMM on 29 Sep 2016 17:13:17
split spatypes
number of spatypes in each swab

  n_spatype |      Freq.     Percent        Cum.
------------+-----------------------------------
          0 |      4,573       51.10       51.10
          1 |      4,191       46.83       97.93
          2 |        165        1.84       99.78
          3 |         18        0.20       99.98
          5 |          2        0.02      100.00
------------+-----------------------------------
      Total |      8,949      100.00
max number of spatypes

    max_spa |      Freq.     Percent        Cum.
------------+-----------------------------------
          0 |         87       16.70       16.70
          1 |        343       65.83       82.53
          2 |         77       14.78       97.31
          3 |         12        2.30       99.62
          5 |          2        0.38      100.00
------------+-----------------------------------
      Total |        521      100.00
min number of spatypes

    min_spa |      Freq.     Percent        Cum.
------------+-----------------------------------
          0 |        386       74.09       74.09
          1 |        135       25.91      100.00
------------+-----------------------------------
      Total |        521      100.00

           |        min_spa
   max_spa |         0          1 |     Total
-----------+----------------------+----------
--Break--
--Break--
r(1);

. *******************

. 
. 
. 
. cd "E:\users\amy.mason\staph_carriage\Programs"
E:\users\amy.mason\staph_carriage\Programs

. run Master_sept_16_extension.do
